<?xml version="1.0" encoding="UTF-8" standalone="no"?>
<window xmlns="http://jmix.io/schema/ui/window"
        xmlns:c="http://jmix.io/schema/ui/jpql-condition"
        caption="msg://testDriveBrowse.caption"
        focusComponent="testDrivesTable">
    <data readOnly="true">
        <collection id="testDrivesDc"
                    class="com.company.accenturejaguarbpm.entity.TestDrive">
            <fetchPlan extends="_base">
                <property name="car2Drive" fetchPlan="_base"/>
                <property name="customer" fetchPlan="_base"/>
            </fetchPlan>
            <loader id="testDrivesDl">
                <query>
                    <![CDATA[select e from TestDrive e]]>
                </query>
            </loader>
        </collection>
    </data>
    <facets>
        <dataLoadCoordinator auto="true"/>
        <screenSettings id="settingsFacet" auto="true"/>
    </facets>
    <actions>
        <action id="lookupSelectAction"
                caption="msg:///actions.Select"
                icon="LOOKUP_OK"
                primary="true"
                shortcut="${COMMIT_SHORTCUT}"/>
        <action id="lookupCancelAction"
                caption="msg:///actions.Cancel"
                icon="LOOKUP_CANCEL"/>
    </actions>
    <dialogMode height="600"
                width="800"/>
    <layout expand="testDrivesTable" spacing="true">
        <filter id="filter"
                dataLoader="testDrivesDl">
            <properties include=".*"/>
        </filter>
        <groupTable id="testDrivesTable"
                    width="100%"
                    dataContainer="testDrivesDc">
            <actions>
                <action id="create" type="create"/>
                <action id="edit" type="edit"/>
                <action id="remove" type="remove"/>
            </actions>
            <columns>
                <column id="car2Drive"/>
                <column id="customer"/>
                <column id="date_time"/>
                <column id="client_satisfaction"/>
            </columns>
            <simplePagination/>
            <buttonsPanel id="buttonsPanel"
                          alwaysVisible="true">
                <button id="createBtn" action="testDrivesTable.create"/>
                <button id="editBtn" action="testDrivesTable.edit"/>
                <button id="removeBtn" action="testDrivesTable.remove"/>
            </buttonsPanel>
        </groupTable>
        <hbox id="lookupActions" spacing="true" visible="false">
            <button action="lookupSelectAction"/>
            <button action="lookupCancelAction"/>
        </hbox>
    </layout>
</window>
